<?xml version="1.0" encoding="utf-8"?>
<shfbBuild product="Sandcastle Help File Builder and Tools" version="2018.12.10.0" projectFile="D:\Documents\Word Files\School\Coding\C#.NET\PROG37721\GuessingGameV2\GuessingGameDocumentation\GuessingGameDocumentation.shfbproj" started="2019-01-22 6:44:40 PM">
<buildStep step="Initializing">
Finding tools...
The Sandcastle tools are located in &#39;D:\Programs\EWSoftware\Sandcastle Help File Builder\&#39;
Locating components in the following folder(s):
    D:\Documents\Word Files\School\Coding\C#.NET\PROG37721\GuessingGameV2\GuessingGameDocumentation
    C:\ProgramData\EWSoftware\Sandcastle Help File Builder\Components and Plug-Ins\
    D:\Programs\EWSoftware\Sandcastle Help File Builder\
Using framework reflection data for &#39;.NET Framework 4.6.1&#39; located in &#39;D:\Programs\EWSoftware\Sandcastle Help File Builder\Data\.NETFramework&#39;
Using presentation style &#39;VS2013&#39; located in &#39;D:\Programs\EWSoftware\Sandcastle Help File Builder\PresentationStyles\VS2013&#39;
Loading and initializing plug-ins...
Lightweight Website Style Version 2018.12.10.0
Copyright &#169; 2006-2018, Eric Woodruff, All Rights Reserved
Portions Copyright &#169; 2014, Sam Harwell, All Rights Reserved
-------------------------------
Clearing any prior web/markdown output...
</buildStep>
<buildStep step="ValidatingDocumentationSources">
Validating and copying documentation source information
Source: D:\Documents\Word Files\School\Coding\C#.NET\PROG37721\GuessingGameV2\GuessingGameLib\GuessingGameLib.csproj
    Found project &#39;D:\Documents\Word Files\School\Coding\C#.NET\PROG37721\GuessingGameV2\GuessingGameLib\GuessingGameLib.csproj&#39;
Source: D:\Documents\Word Files\School\Coding\C#.NET\PROG37721\GuessingGameV2\GuessingGameConsole\GuessingGameConsole.csproj
    Found project &#39;D:\Documents\Word Files\School\Coding\C#.NET\PROG37721\GuessingGameV2\GuessingGameConsole\GuessingGameConsole.csproj&#39;
Source: D:\Documents\Word Files\School\Coding\C#.NET\PROG37721\GuessingGameV2\GuessingGameForm\GuessingGameForm.csproj
    Found project &#39;D:\Documents\Word Files\School\Coding\C#.NET\PROG37721\GuessingGameV2\GuessingGameForm\GuessingGameForm.csproj&#39;

Parsing project files
    Found assembly &#39;D:\Documents\Word Files\School\Coding\C#.NET\PROG37721\GuessingGameV2\GuessingGameLib\bin\Debug\GuessingGameLib.dll&#39;
    Found assembly &#39;D:\Documents\Word Files\School\Coding\C#.NET\PROG37721\GuessingGameV2\GuessingGameConsole\bin\Debug\GuessingGameConsole.exe&#39;
    Found assembly &#39;D:\Documents\Word Files\School\Coding\C#.NET\PROG37721\GuessingGameV2\GuessingGameForm\bin\Debug\GuessingGameForm.exe&#39;

References to include (excluding framework assemblies):
    None

Copying XML comments files
    D:\Documents\Word Files\School\Coding\C#.NET\PROG37721\GuessingGameV2\GuessingGameLib\bin\Debug\GuessingGameLib.xml -&gt; D:\Documents\Word Files\School\Coding\C#.NET\PROG37721\GuessingGameV2\GuessingGameDocumentation\Help\Working\GuessingGameLib.xml
    D:\Documents\Word Files\School\Coding\C#.NET\PROG37721\GuessingGameV2\GuessingGameConsole\bin\Debug\GuessingGameConsole.xml -&gt; D:\Documents\Word Files\School\Coding\C#.NET\PROG37721\GuessingGameV2\GuessingGameDocumentation\Help\Working\GuessingGameConsole.xml
    D:\Documents\Word Files\School\Coding\C#.NET\PROG37721\GuessingGameV2\GuessingGameForm\bin\Debug\GuessingGameForm.xml -&gt; D:\Documents\Word Files\School\Coding\C#.NET\PROG37721\GuessingGameV2\GuessingGameDocumentation\Help\Working\GuessingGameForm.xml
</buildStep>
<buildStep step="GenerateSharedContent">
Generating shared content files (en-US, English (United States))...
<plugIn name="Lightweight Website Style" behavior="After" priority="1000">
</plugIn>    Last step completed in 00:00:00.0070
</buildStep>
<buildStep step="GenerateApiFilter">
Generating API filter for MRefBuilder...
    Last step completed in 00:00:00.0030
</buildStep>
<buildStep step="GenerateReflectionInfo">
Generating reflection information...
[C:\Program Files (x86)\Microsoft Visual Studio\2017\Community\MSBuild\15.0\Bin\MSBuild.exe - GenerateRefInfo.proj]
Build started 2019-01-22 6:44:41 PM.
Project &quot;D:\Documents\Word Files\School\Coding\C#.NET\PROG37721\GuessingGameV2\GuessingGameDocumentation\Help\Working\GenerateRefInfo.proj&quot; on node 1 (default targets).
PrepareForBuild:
  Creating directory &quot;obj\Debug\&quot;.
GenerateRefInfo:
  MRefBuilder (v2018.12.10.0)
  Copyright &#184; 2006-2018, Microsoft Corporation, All Rights Reserved.
  Portions Copyright &#184; 2006-2018, Eric Woodruff, All Rights Reserved.
  No source code context base path specified.  Source context information is unavailable.
  Loaded 3 assemblies for reflection and 1 dependency assemblies.
  Wrote information on 2 namespaces, 5 types, and 16 members
  Copying file from &quot;reflection.org&quot; to &quot;reflection.all&quot;.
  XslTransform (v2018.12.10.0)
  Copyright &#184; 2006-2018, Microsoft Corporation, All Rights Reserved.
  Portions Copyright &#184; 2006-2018, Eric Woodruff, All Rights Reserved.
  Applying XSL transformation &#39;D:\Programs\EWSoftware\Sandcastle Help File Builder\ProductionTransforms\MergeDuplicates.xsl&#39;.
Done Building Project &quot;D:\Documents\Word Files\School\Coding\C#.NET\PROG37721\GuessingGameV2\GuessingGameDocumentation\Help\Working\GenerateRefInfo.proj&quot; (default targets).
    Last step completed in 00:00:01.3609
</buildStep>
<buildStep step="TransformReflectionInfo">
Transforming reflection output...
[C:\Program Files (x86)\Microsoft Visual Studio\2017\Community\MSBuild\15.0\Bin\MSBuild.exe - TransformManifest.proj]
Build started 2019-01-22 6:44:43 PM.
Project &quot;D:\Documents\Word Files\School\Coding\C#.NET\PROG37721\GuessingGameV2\GuessingGameDocumentation\Help\Working\TransformManifest.proj&quot; on node 1 (default targets).
TransformManifest:
  XslTransform (v2018.12.10.0)
  Copyright &#184; 2006-2018, Microsoft Corporation, All Rights Reserved.
  Portions Copyright &#184; 2006-2018, Eric Woodruff, All Rights Reserved.
  Applying XSL transformation &#39;D:\Programs\EWSoftware\Sandcastle Help File Builder\\ProductionTransforms\ApplyVSDocModel.xsl&#39;.
  Copying file from &quot;reflection.xml&quot; to &quot;reflection.nofilenames&quot;.
  XslTransform (v2018.12.10.0)
  Copyright &#184; 2006-2018, Microsoft Corporation, All Rights Reserved.
  Portions Copyright &#184; 2006-2018, Eric Woodruff, All Rights Reserved.
  Applying XSL transformation &#39;D:\Programs\EWSoftware\Sandcastle Help File Builder\ProductionTransforms\AddFilenames.xsl&#39;.
  XslTransform (v2018.12.10.0)
  Copyright &#184; 2006-2018, Microsoft Corporation, All Rights Reserved.
  Portions Copyright &#184; 2006-2018, Eric Woodruff, All Rights Reserved.
  Applying XSL transformation &#39;D:\Programs\EWSoftware\Sandcastle Help File Builder\ProductionTransforms\ReflectionToManifest.xsl&#39;.
Done Building Project &quot;D:\Documents\Word Files\School\Coding\C#.NET\PROG37721\GuessingGameV2\GuessingGameDocumentation\Help\Working\TransformManifest.proj&quot; (default targets).
    Last step completed in 00:00:01.9206
</buildStep>
<buildStep step="GenerateNamespaceSummaries">
Generating namespace summary information...
    Last step completed in 00:00:00.0430
</buildStep>
<buildStep step="CopyConceptualContent">
Copying conceptual content...
Copying standard token shared content file...
Checking for other token files...
Checking for code snippets files...
Copying images and creating the media map file...
Generating conceptual topic files
    Parsing topic file &#39;D:\Documents\Word Files\School\Coding\C#.NET\PROG37721\GuessingGameV2\GuessingGameDocumentation\Content\Welcome.aml&#39;
    D:\Documents\Word Files\School\Coding\C#.NET\PROG37721\GuessingGameV2\GuessingGameDocumentation\Content\Welcome.aml -&gt; D:\Documents\Word Files\School\Coding\C#.NET\PROG37721\GuessingGameV2\GuessingGameDocumentation\Help\Working\ddueXml\dd8d2c40-45d4-4ecd-bbb0-d7a5ed370fb7.xml
    Parsing topic file &#39;D:\Documents\Word Files\School\Coding\C#.NET\PROG37721\GuessingGameV2\GuessingGameDocumentation\Content\VersionHistory\VersionHistory.aml&#39;
    D:\Documents\Word Files\School\Coding\C#.NET\PROG37721\GuessingGameV2\GuessingGameDocumentation\Content\VersionHistory\VersionHistory.aml -&gt; D:\Documents\Word Files\School\Coding\C#.NET\PROG37721\GuessingGameV2\GuessingGameDocumentation\Help\Working\ddueXml\759a3314-9e03-40f7-8903-75bd50a4359a.xml
    Parsing topic file &#39;D:\Documents\Word Files\School\Coding\C#.NET\PROG37721\GuessingGameV2\GuessingGameDocumentation\Content\VersionHistory\v1.0.0.0.aml&#39;
    D:\Documents\Word Files\School\Coding\C#.NET\PROG37721\GuessingGameV2\GuessingGameDocumentation\Content\VersionHistory\v1.0.0.0.aml -&gt; D:\Documents\Word Files\School\Coding\C#.NET\PROG37721\GuessingGameV2\GuessingGameDocumentation\Help\Working\ddueXml\c199fce0-087c-4b58-b698-840f41870f90.xml
    Last step completed in 00:00:00.0420
</buildStep>
<buildStep step="CreateConceptualTopicConfigs">
Creating conceptual topic configuration files...
    Companion files
    _ContentMetadata_.xml
    Merging topic IDs into manifest.xml
    Last step completed in 00:00:00.0094
</buildStep>
<buildStep step="CopyAdditionalContent">
Copying additional content files...
D:\Documents\Word Files\School\Coding\C#.NET\PROG37721\GuessingGameV2\GuessingGameDocumentation\icons\Help.png -&gt; D:\Documents\Word Files\School\Coding\C#.NET\PROG37721\GuessingGameV2\GuessingGameDocumentation\Help\Working\Output\Website\icons\Help.png
    Last step completed in 00:00:00.0070
</buildStep>
<buildStep step="MergeTablesOfContents">
Merging conceptual and additional tables of contents...
    Last step completed in 00:00:00.0010
</buildStep>
<buildStep step="GenerateIntermediateTableOfContents">
Generating intermediate table of contents file...
[C:\Program Files (x86)\Microsoft Visual Studio\2017\Community\MSBuild\15.0\Bin\MSBuild.exe - GenerateIntermediateTOC.proj]
Build started 2019-01-22 6:44:45 PM.
Project &quot;D:\Documents\Word Files\School\Coding\C#.NET\PROG37721\GuessingGameV2\GuessingGameDocumentation\Help\Working\GenerateIntermediateTOC.proj&quot; on node 1 (default targets).
GenerateIntermediateTOC:
  XslTransform (v2018.12.10.0)
  Copyright &#184; 2006-2018, Microsoft Corporation, All Rights Reserved.
  Portions Copyright &#184; 2006-2018, Eric Woodruff, All Rights Reserved.
  Applying XSL transformation &#39;D:\Programs\EWSoftware\Sandcastle Help File Builder\\ProductionTransforms\CreateVSToc.xsl&#39;.
Done Building Project &quot;D:\Documents\Word Files\School\Coding\C#.NET\PROG37721\GuessingGameV2\GuessingGameDocumentation\Help\Working\GenerateIntermediateTOC.proj&quot; (default targets).
Generating conceptual content intermediate TOC file...
    Last step completed in 00:00:00.6341
</buildStep>
<buildStep step="CreateBuildAssemblerConfigs">
Creating Sandcastle configuration files...
    sandcastle.config
    Last step completed in 00:00:00.1326
</buildStep>
<buildStep step="MergeCustomConfigs">
Merging custom build component configurations
D:\Documents\Word Files\School\Coding\C#.NET\PROG37721\GuessingGameV2\GuessingGameDocumentation\Help\Working\sandcastle.config
  Updating reference topic configurations.
  Updating conceptual topic configurations.
    Removing unused ExampleComponent.
    Last step completed in 00:00:00.0050
</buildStep>
<buildStep step="BuildTopics">
Building help topics...
[C:\Program Files (x86)\Microsoft Visual Studio\2017\Community\MSBuild\15.0\Bin\MSBuild.exe - BuildTopics.proj]
Build started 2019-01-22 6:44:45 PM.
Project &quot;D:\Documents\Word Files\School\Coding\C#.NET\PROG37721\GuessingGameV2\GuessingGameDocumentation\Help\Working\BuildTopics.proj&quot; on node 1 (default targets).
BuildTopics:
  BuildAssembler (v2018.12.10.0)
  Copyright &#184; 2006-2018, Microsoft Corporation, All Rights Reserved.
  Portions Copyright &#184; 2006-2018, Eric Woodruff, All Rights Reserved.
  Loading configuration...
  Processing topics...
BuildAssembler : warning : ShowMissingComponent: [F:GuessingGameLib.GameLogic.DefaultGuessLimit] Missing &lt;summary&gt; documentation [D:\Documents\Word Files\School\Coding\C#.NET\PROG37721\GuessingGameV2\GuessingGameDocumentation\Help\Working\BuildTopics.proj]
  Processed 36 topic(s)
  1 warning(s)
  CopyFromIndexComponent: &quot;metadata&quot; in-memory cache entries used: 1 of 15.
  ResolveArtLinksComponent: Copying media files...
  CopyFromIndexComponent: &quot;reflection&quot; in-memory cache entries used: 2 of 15.
  CopyFromIndexComponent: &quot;comments&quot; in-memory cache entries used: 5 of 30.
Done Building Project &quot;D:\Documents\Word Files\School\Coding\C#.NET\PROG37721\GuessingGameV2\GuessingGameDocumentation\Help\Working\BuildTopics.proj&quot; (default targets).
    Last step completed in 00:00:09.2322
</buildStep>
<buildStep step="CombiningIntermediateTocFiles">
Combining conceptual and API intermediate TOC files...
    Last step completed in 00:00:00.0030
</buildStep>
<buildStep step="ExtractingHtmlInfo">
Extracting HTML info for HTML Help 1 and/or website...
[C:\Program Files (x86)\Microsoft Visual Studio\2017\Community\MSBuild\15.0\Bin\MSBuild.exe - ExtractHtmlInfo.proj]
Sandcastle Help File Builder and Tools, version 2018.12.10.0
Copyright &#184; 2006-2018, Eric Woodruff, All Rights Reserved
E-Mail: Eric@EWoodruff.us

Using LCID &#39;1033&#39;, code page &#39;65001&#39;, encoding charset &#39;UTF-8&#39;.

Processing website files in D:\Documents\Word Files\School\Coding\C#.NET\PROG37721\GuessingGameV2\GuessingGameDocumentation\Help\Working\Output\Website
Processed 36 HTML files
Sorting keywords and generating See Also indices
Saving website keyword index to D:\Documents\Word Files\School\Coding\C#.NET\PROG37721\GuessingGameV2\GuessingGameDocumentation\Help\Working\WebKI.xml
Saving website table of contents to D:\Documents\Word Files\School\Coding\C#.NET\PROG37721\GuessingGameV2\GuessingGameDocumentation\Help\Working\WebTOC.xml
    Last step completed in 00:00:00.4286
</buildStep>
<buildStep step="CopyStandardHelpContent">
Copying standard help content...
D:\Programs\EWSoftware\Sandcastle Help File Builder\PresentationStyles\VS2013\icons\AlertCaution.png -&gt; D:\Documents\Word Files\School\Coding\C#.NET\PROG37721\GuessingGameV2\GuessingGameDocumentation\Help\Working\Output\Website\icons\AlertCaution.png
D:\Programs\EWSoftware\Sandcastle Help File Builder\PresentationStyles\VS2013\icons\AlertNote.png -&gt; D:\Documents\Word Files\School\Coding\C#.NET\PROG37721\GuessingGameV2\GuessingGameDocumentation\Help\Working\Output\Website\icons\AlertNote.png
D:\Programs\EWSoftware\Sandcastle Help File Builder\PresentationStyles\VS2013\icons\AlertSecurity.png -&gt; D:\Documents\Word Files\School\Coding\C#.NET\PROG37721\GuessingGameV2\GuessingGameDocumentation\Help\Working\Output\Website\icons\AlertSecurity.png
D:\Programs\EWSoftware\Sandcastle Help File Builder\PresentationStyles\VS2013\icons\CFW.gif -&gt; D:\Documents\Word Files\School\Coding\C#.NET\PROG37721\GuessingGameV2\GuessingGameDocumentation\Help\Working\Output\Website\icons\CFW.gif
D:\Programs\EWSoftware\Sandcastle Help File Builder\PresentationStyles\VS2013\icons\CodeExample.png -&gt; D:\Documents\Word Files\School\Coding\C#.NET\PROG37721\GuessingGameV2\GuessingGameDocumentation\Help\Working\Output\Website\icons\CodeExample.png
D:\Programs\EWSoftware\Sandcastle Help File Builder\PresentationStyles\VS2013\icons\favicon.ico -&gt; D:\Documents\Word Files\School\Coding\C#.NET\PROG37721\GuessingGameV2\GuessingGameDocumentation\Help\Working\Output\Website\icons\favicon.ico
D:\Programs\EWSoftware\Sandcastle Help File Builder\PresentationStyles\VS2013\icons\privclass.gif -&gt; D:\Documents\Word Files\School\Coding\C#.NET\PROG37721\GuessingGameV2\GuessingGameDocumentation\Help\Working\Output\Website\icons\privclass.gif
D:\Programs\EWSoftware\Sandcastle Help File Builder\PresentationStyles\VS2013\icons\privdelegate.gif -&gt; D:\Documents\Word Files\School\Coding\C#.NET\PROG37721\GuessingGameV2\GuessingGameDocumentation\Help\Working\Output\Website\icons\privdelegate.gif
D:\Programs\EWSoftware\Sandcastle Help File Builder\PresentationStyles\VS2013\icons\privenumeration.gif -&gt; D:\Documents\Word Files\School\Coding\C#.NET\PROG37721\GuessingGameV2\GuessingGameDocumentation\Help\Working\Output\Website\icons\privenumeration.gif
D:\Programs\EWSoftware\Sandcastle Help File Builder\PresentationStyles\VS2013\icons\privevent.gif -&gt; D:\Documents\Word Files\School\Coding\C#.NET\PROG37721\GuessingGameV2\GuessingGameDocumentation\Help\Working\Output\Website\icons\privevent.gif
D:\Programs\EWSoftware\Sandcastle Help File Builder\PresentationStyles\VS2013\icons\privextension.gif -&gt; D:\Documents\Word Files\School\Coding\C#.NET\PROG37721\GuessingGameV2\GuessingGameDocumentation\Help\Working\Output\Website\icons\privextension.gif
D:\Programs\EWSoftware\Sandcastle Help File Builder\PresentationStyles\VS2013\icons\privfield.gif -&gt; D:\Documents\Word Files\School\Coding\C#.NET\PROG37721\GuessingGameV2\GuessingGameDocumentation\Help\Working\Output\Website\icons\privfield.gif
D:\Programs\EWSoftware\Sandcastle Help File Builder\PresentationStyles\VS2013\icons\privinterface.gif -&gt; D:\Documents\Word Files\School\Coding\C#.NET\PROG37721\GuessingGameV2\GuessingGameDocumentation\Help\Working\Output\Website\icons\privinterface.gif
D:\Programs\EWSoftware\Sandcastle Help File Builder\PresentationStyles\VS2013\icons\privmethod.gif -&gt; D:\Documents\Word Files\School\Coding\C#.NET\PROG37721\GuessingGameV2\GuessingGameDocumentation\Help\Working\Output\Website\icons\privmethod.gif
D:\Programs\EWSoftware\Sandcastle Help File Builder\PresentationStyles\VS2013\icons\privproperty.gif -&gt; D:\Documents\Word Files\School\Coding\C#.NET\PROG37721\GuessingGameV2\GuessingGameDocumentation\Help\Working\Output\Website\icons\privproperty.gif
D:\Programs\EWSoftware\Sandcastle Help File Builder\PresentationStyles\VS2013\icons\privstructure.gif -&gt; D:\Documents\Word Files\School\Coding\C#.NET\PROG37721\GuessingGameV2\GuessingGameDocumentation\Help\Working\Output\Website\icons\privstructure.gif
D:\Programs\EWSoftware\Sandcastle Help File Builder\PresentationStyles\VS2013\icons\protclass.gif -&gt; D:\Documents\Word Files\School\Coding\C#.NET\PROG37721\GuessingGameV2\GuessingGameDocumentation\Help\Working\Output\Website\icons\protclass.gif
D:\Programs\EWSoftware\Sandcastle Help File Builder\PresentationStyles\VS2013\icons\protdelegate.gif -&gt; D:\Documents\Word Files\School\Coding\C#.NET\PROG37721\GuessingGameV2\GuessingGameDocumentation\Help\Working\Output\Website\icons\protdelegate.gif
D:\Programs\EWSoftware\Sandcastle Help File Builder\PresentationStyles\VS2013\icons\protenumeration.gif -&gt; D:\Documents\Word Files\School\Coding\C#.NET\PROG37721\GuessingGameV2\GuessingGameDocumentation\Help\Working\Output\Website\icons\protenumeration.gif
D:\Programs\EWSoftware\Sandcastle Help File Builder\PresentationStyles\VS2013\icons\protevent.gif -&gt; D:\Documents\Word Files\School\Coding\C#.NET\PROG37721\GuessingGameV2\GuessingGameDocumentation\Help\Working\Output\Website\icons\protevent.gif
D:\Programs\EWSoftware\Sandcastle Help File Builder\PresentationStyles\VS2013\icons\protextension.gif -&gt; D:\Documents\Word Files\School\Coding\C#.NET\PROG37721\GuessingGameV2\GuessingGameDocumentation\Help\Working\Output\Website\icons\protextension.gif
D:\Programs\EWSoftware\Sandcastle Help File Builder\PresentationStyles\VS2013\icons\protfield.gif -&gt; D:\Documents\Word Files\School\Coding\C#.NET\PROG37721\GuessingGameV2\GuessingGameDocumentation\Help\Working\Output\Website\icons\protfield.gif
D:\Programs\EWSoftware\Sandcastle Help File Builder\PresentationStyles\VS2013\icons\protinterface.gif -&gt; D:\Documents\Word Files\School\Coding\C#.NET\PROG37721\GuessingGameV2\GuessingGameDocumentation\Help\Working\Output\Website\icons\protinterface.gif
D:\Programs\EWSoftware\Sandcastle Help File Builder\PresentationStyles\VS2013\icons\protmethod.gif -&gt; D:\Documents\Word Files\School\Coding\C#.NET\PROG37721\GuessingGameV2\GuessingGameDocumentation\Help\Working\Output\Website\icons\protmethod.gif
D:\Programs\EWSoftware\Sandcastle Help File Builder\PresentationStyles\VS2013\icons\protoperator.gif -&gt; D:\Documents\Word Files\School\Coding\C#.NET\PROG37721\GuessingGameV2\GuessingGameDocumentation\Help\Working\Output\Website\icons\protoperator.gif
D:\Programs\EWSoftware\Sandcastle Help File Builder\PresentationStyles\VS2013\icons\protproperty.gif -&gt; D:\Documents\Word Files\School\Coding\C#.NET\PROG37721\GuessingGameV2\GuessingGameDocumentation\Help\Working\Output\Website\icons\protproperty.gif
D:\Programs\EWSoftware\Sandcastle Help File Builder\PresentationStyles\VS2013\icons\protstructure.gif -&gt; D:\Documents\Word Files\School\Coding\C#.NET\PROG37721\GuessingGameV2\GuessingGameDocumentation\Help\Working\Output\Website\icons\protstructure.gif
D:\Programs\EWSoftware\Sandcastle Help File Builder\PresentationStyles\VS2013\icons\pubclass.gif -&gt; D:\Documents\Word Files\School\Coding\C#.NET\PROG37721\GuessingGameV2\GuessingGameDocumentation\Help\Working\Output\Website\icons\pubclass.gif
D:\Programs\EWSoftware\Sandcastle Help File Builder\PresentationStyles\VS2013\icons\pubdelegate.gif -&gt; D:\Documents\Word Files\School\Coding\C#.NET\PROG37721\GuessingGameV2\GuessingGameDocumentation\Help\Working\Output\Website\icons\pubdelegate.gif
D:\Programs\EWSoftware\Sandcastle Help File Builder\PresentationStyles\VS2013\icons\pubenumeration.gif -&gt; D:\Documents\Word Files\School\Coding\C#.NET\PROG37721\GuessingGameV2\GuessingGameDocumentation\Help\Working\Output\Website\icons\pubenumeration.gif
D:\Programs\EWSoftware\Sandcastle Help File Builder\PresentationStyles\VS2013\icons\pubevent.gif -&gt; D:\Documents\Word Files\School\Coding\C#.NET\PROG37721\GuessingGameV2\GuessingGameDocumentation\Help\Working\Output\Website\icons\pubevent.gif
D:\Programs\EWSoftware\Sandcastle Help File Builder\PresentationStyles\VS2013\icons\pubextension.gif -&gt; D:\Documents\Word Files\School\Coding\C#.NET\PROG37721\GuessingGameV2\GuessingGameDocumentation\Help\Working\Output\Website\icons\pubextension.gif
D:\Programs\EWSoftware\Sandcastle Help File Builder\PresentationStyles\VS2013\icons\pubfield.gif -&gt; D:\Documents\Word Files\School\Coding\C#.NET\PROG37721\GuessingGameV2\GuessingGameDocumentation\Help\Working\Output\Website\icons\pubfield.gif
D:\Programs\EWSoftware\Sandcastle Help File Builder\PresentationStyles\VS2013\icons\pubinterface.gif -&gt; D:\Documents\Word Files\School\Coding\C#.NET\PROG37721\GuessingGameV2\GuessingGameDocumentation\Help\Working\Output\Website\icons\pubinterface.gif
D:\Programs\EWSoftware\Sandcastle Help File Builder\PresentationStyles\VS2013\icons\pubmethod.gif -&gt; D:\Documents\Word Files\School\Coding\C#.NET\PROG37721\GuessingGameV2\GuessingGameDocumentation\Help\Working\Output\Website\icons\pubmethod.gif
D:\Programs\EWSoftware\Sandcastle Help File Builder\PresentationStyles\VS2013\icons\puboperator.gif -&gt; D:\Documents\Word Files\School\Coding\C#.NET\PROG37721\GuessingGameV2\GuessingGameDocumentation\Help\Working\Output\Website\icons\puboperator.gif
D:\Programs\EWSoftware\Sandcastle Help File Builder\PresentationStyles\VS2013\icons\pubproperty.gif -&gt; D:\Documents\Word Files\School\Coding\C#.NET\PROG37721\GuessingGameV2\GuessingGameDocumentation\Help\Working\Output\Website\icons\pubproperty.gif
D:\Programs\EWSoftware\Sandcastle Help File Builder\PresentationStyles\VS2013\icons\pubstructure.gif -&gt; D:\Documents\Word Files\School\Coding\C#.NET\PROG37721\GuessingGameV2\GuessingGameDocumentation\Help\Working\Output\Website\icons\pubstructure.gif
D:\Programs\EWSoftware\Sandcastle Help File Builder\PresentationStyles\VS2013\icons\SectionCollapsed.png -&gt; D:\Documents\Word Files\School\Coding\C#.NET\PROG37721\GuessingGameV2\GuessingGameDocumentation\Help\Working\Output\Website\icons\SectionCollapsed.png
D:\Programs\EWSoftware\Sandcastle Help File Builder\PresentationStyles\VS2013\icons\SectionExpanded.png -&gt; D:\Documents\Word Files\School\Coding\C#.NET\PROG37721\GuessingGameV2\GuessingGameDocumentation\Help\Working\Output\Website\icons\SectionExpanded.png
D:\Programs\EWSoftware\Sandcastle Help File Builder\PresentationStyles\VS2013\icons\slMobile.gif -&gt; D:\Documents\Word Files\School\Coding\C#.NET\PROG37721\GuessingGameV2\GuessingGameDocumentation\Help\Working\Output\Website\icons\slMobile.gif
D:\Programs\EWSoftware\Sandcastle Help File Builder\PresentationStyles\VS2013\icons\static.gif -&gt; D:\Documents\Word Files\School\Coding\C#.NET\PROG37721\GuessingGameV2\GuessingGameDocumentation\Help\Working\Output\Website\icons\static.gif
D:\Programs\EWSoftware\Sandcastle Help File Builder\PresentationStyles\VS2013\icons\xna.gif -&gt; D:\Documents\Word Files\School\Coding\C#.NET\PROG37721\GuessingGameV2\GuessingGameDocumentation\Help\Working\Output\Website\icons\xna.gif
D:\Programs\EWSoftware\Sandcastle Help File Builder\PresentationStyles\VS2013\scripts\branding.js -&gt; D:\Documents\Word Files\School\Coding\C#.NET\PROG37721\GuessingGameV2\GuessingGameDocumentation\Help\Working\Output\Website\scripts\branding.js
D:\Programs\EWSoftware\Sandcastle Help File Builder\PresentationStyles\VS2013\styles\branding-cs-CZ.css -&gt; D:\Documents\Word Files\School\Coding\C#.NET\PROG37721\GuessingGameV2\GuessingGameDocumentation\Help\Working\Output\Website\styles\branding-cs-CZ.css
D:\Programs\EWSoftware\Sandcastle Help File Builder\PresentationStyles\VS2013\styles\branding-de-DE.css -&gt; D:\Documents\Word Files\School\Coding\C#.NET\PROG37721\GuessingGameV2\GuessingGameDocumentation\Help\Working\Output\Website\styles\branding-de-DE.css
D:\Programs\EWSoftware\Sandcastle Help File Builder\PresentationStyles\VS2013\styles\branding-en-US.css -&gt; D:\Documents\Word Files\School\Coding\C#.NET\PROG37721\GuessingGameV2\GuessingGameDocumentation\Help\Working\Output\Website\styles\branding-en-US.css
D:\Programs\EWSoftware\Sandcastle Help File Builder\PresentationStyles\VS2013\styles\branding-es-ES.css -&gt; D:\Documents\Word Files\School\Coding\C#.NET\PROG37721\GuessingGameV2\GuessingGameDocumentation\Help\Working\Output\Website\styles\branding-es-ES.css
D:\Programs\EWSoftware\Sandcastle Help File Builder\PresentationStyles\VS2013\styles\branding-fr-FR.css -&gt; D:\Documents\Word Files\School\Coding\C#.NET\PROG37721\GuessingGameV2\GuessingGameDocumentation\Help\Working\Output\Website\styles\branding-fr-FR.css
D:\Programs\EWSoftware\Sandcastle Help File Builder\PresentationStyles\VS2013\styles\branding-Help1.css -&gt; D:\Documents\Word Files\School\Coding\C#.NET\PROG37721\GuessingGameV2\GuessingGameDocumentation\Help\Working\Output\Website\styles\branding-Help1.css
D:\Programs\EWSoftware\Sandcastle Help File Builder\PresentationStyles\VS2013\styles\branding-HelpViewer.css -&gt; D:\Documents\Word Files\School\Coding\C#.NET\PROG37721\GuessingGameV2\GuessingGameDocumentation\Help\Working\Output\Website\styles\branding-HelpViewer.css
D:\Programs\EWSoftware\Sandcastle Help File Builder\PresentationStyles\VS2013\styles\branding-it-IT.css -&gt; D:\Documents\Word Files\School\Coding\C#.NET\PROG37721\GuessingGameV2\GuessingGameDocumentation\Help\Working\Output\Website\styles\branding-it-IT.css
D:\Programs\EWSoftware\Sandcastle Help File Builder\PresentationStyles\VS2013\styles\branding-ja-JP.css -&gt; D:\Documents\Word Files\School\Coding\C#.NET\PROG37721\GuessingGameV2\GuessingGameDocumentation\Help\Working\Output\Website\styles\branding-ja-JP.css
D:\Programs\EWSoftware\Sandcastle Help File Builder\PresentationStyles\VS2013\styles\branding-ko-KR.css -&gt; D:\Documents\Word Files\School\Coding\C#.NET\PROG37721\GuessingGameV2\GuessingGameDocumentation\Help\Working\Output\Website\styles\branding-ko-KR.css
D:\Programs\EWSoftware\Sandcastle Help File Builder\PresentationStyles\VS2013\styles\branding-pl-PL.css -&gt; D:\Documents\Word Files\School\Coding\C#.NET\PROG37721\GuessingGameV2\GuessingGameDocumentation\Help\Working\Output\Website\styles\branding-pl-PL.css
D:\Programs\EWSoftware\Sandcastle Help File Builder\PresentationStyles\VS2013\styles\branding-pt-BR.css -&gt; D:\Documents\Word Files\School\Coding\C#.NET\PROG37721\GuessingGameV2\GuessingGameDocumentation\Help\Working\Output\Website\styles\branding-pt-BR.css
D:\Programs\EWSoftware\Sandcastle Help File Builder\PresentationStyles\VS2013\styles\branding-ru-RU.css -&gt; D:\Documents\Word Files\School\Coding\C#.NET\PROG37721\GuessingGameV2\GuessingGameDocumentation\Help\Working\Output\Website\styles\branding-ru-RU.css
D:\Programs\EWSoftware\Sandcastle Help File Builder\PresentationStyles\VS2013\styles\branding-tr-TR.css -&gt; D:\Documents\Word Files\School\Coding\C#.NET\PROG37721\GuessingGameV2\GuessingGameDocumentation\Help\Working\Output\Website\styles\branding-tr-TR.css
D:\Programs\EWSoftware\Sandcastle Help File Builder\PresentationStyles\VS2013\styles\branding-Website.css -&gt; D:\Documents\Word Files\School\Coding\C#.NET\PROG37721\GuessingGameV2\GuessingGameDocumentation\Help\Working\Output\Website\styles\branding-Website.css
D:\Programs\EWSoftware\Sandcastle Help File Builder\PresentationStyles\VS2013\styles\branding-zh-CN.css -&gt; D:\Documents\Word Files\School\Coding\C#.NET\PROG37721\GuessingGameV2\GuessingGameDocumentation\Help\Working\Output\Website\styles\branding-zh-CN.css
D:\Programs\EWSoftware\Sandcastle Help File Builder\PresentationStyles\VS2013\styles\branding-zh-TW.css -&gt; D:\Documents\Word Files\School\Coding\C#.NET\PROG37721\GuessingGameV2\GuessingGameDocumentation\Help\Working\Output\Website\styles\branding-zh-TW.css
D:\Programs\EWSoftware\Sandcastle Help File Builder\PresentationStyles\VS2013\styles\branding.css -&gt; D:\Documents\Word Files\School\Coding\C#.NET\PROG37721\GuessingGameV2\GuessingGameDocumentation\Help\Working\Output\Website\styles\branding.css
D:\Programs\EWSoftware\Sandcastle Help File Builder\PresentationStyles\VS2013\Web\index.html -&gt; D:\Documents\Word Files\School\Coding\C#.NET\PROG37721\GuessingGameV2\GuessingGameDocumentation\Help\Working\Output\Website\index.html
D:\Programs\EWSoftware\Sandcastle Help File Builder\PresentationStyles\VS2013\Web\search.html -&gt; D:\Documents\Word Files\School\Coding\C#.NET\PROG37721\GuessingGameV2\GuessingGameDocumentation\Help\Working\Output\Website\search.html
D:\Programs\EWSoftware\Sandcastle Help File Builder\PresentationStyles\VS2013\Web\SearchHelp.aspx -&gt; D:\Documents\Word Files\School\Coding\C#.NET\PROG37721\GuessingGameV2\GuessingGameDocumentation\Help\Working\Output\Website\SearchHelp.aspx
D:\Programs\EWSoftware\Sandcastle Help File Builder\PresentationStyles\VS2013\Web\SearchHelp.inc.php -&gt; D:\Documents\Word Files\School\Coding\C#.NET\PROG37721\GuessingGameV2\GuessingGameDocumentation\Help\Working\Output\Website\SearchHelp.inc.php
D:\Programs\EWSoftware\Sandcastle Help File Builder\PresentationStyles\VS2013\Web\SearchHelp.php -&gt; D:\Documents\Word Files\School\Coding\C#.NET\PROG37721\GuessingGameV2\GuessingGameDocumentation\Help\Working\Output\Website\SearchHelp.php
D:\Programs\EWSoftware\Sandcastle Help File Builder\PresentationStyles\VS2013\Web\Web.Config -&gt; D:\Documents\Word Files\School\Coding\C#.NET\PROG37721\GuessingGameV2\GuessingGameDocumentation\Help\Working\Output\Website\Web.Config
D:\Programs\EWSoftware\Sandcastle Help File Builder\PresentationStyles\VS2013\Web\html\GeneralError.htm -&gt; D:\Documents\Word Files\School\Coding\C#.NET\PROG37721\GuessingGameV2\GuessingGameDocumentation\Help\Working\Output\Website\html\GeneralError.htm
D:\Programs\EWSoftware\Sandcastle Help File Builder\PresentationStyles\VS2013\Web\html\PageNotFound.htm -&gt; D:\Documents\Word Files\School\Coding\C#.NET\PROG37721\GuessingGameV2\GuessingGameDocumentation\Help\Working\Output\Website\html\PageNotFound.htm
D:\Programs\EWSoftware\Sandcastle Help File Builder\PresentationStyles\VS2013\Web\icons\Search.png -&gt; D:\Documents\Word Files\School\Coding\C#.NET\PROG37721\GuessingGameV2\GuessingGameDocumentation\Help\Working\Output\Website\icons\Search.png
D:\Programs\EWSoftware\Sandcastle Help File Builder\PresentationStyles\VS2013\Web\icons\TocClose.gif -&gt; D:\Documents\Word Files\School\Coding\C#.NET\PROG37721\GuessingGameV2\GuessingGameDocumentation\Help\Working\Output\Website\icons\TocClose.gif
D:\Programs\EWSoftware\Sandcastle Help File Builder\PresentationStyles\VS2013\Web\icons\TocCollapsed.gif -&gt; D:\Documents\Word Files\School\Coding\C#.NET\PROG37721\GuessingGameV2\GuessingGameDocumentation\Help\Working\Output\Website\icons\TocCollapsed.gif
D:\Programs\EWSoftware\Sandcastle Help File Builder\PresentationStyles\VS2013\Web\icons\TocExpanded.gif -&gt; D:\Documents\Word Files\School\Coding\C#.NET\PROG37721\GuessingGameV2\GuessingGameDocumentation\Help\Working\Output\Website\icons\TocExpanded.gif
D:\Programs\EWSoftware\Sandcastle Help File Builder\PresentationStyles\VS2013\Web\icons\TocOpen.gif -&gt; D:\Documents\Word Files\School\Coding\C#.NET\PROG37721\GuessingGameV2\GuessingGameDocumentation\Help\Working\Output\Website\icons\TocOpen.gif
D:\Programs\EWSoftware\Sandcastle Help File Builder\PresentationStyles\VS2013\Web\scripts\branding-Website.js -&gt; D:\Documents\Word Files\School\Coding\C#.NET\PROG37721\GuessingGameV2\GuessingGameDocumentation\Help\Working\Output\Website\scripts\branding-Website.js
D:\Programs\EWSoftware\Sandcastle Help File Builder\PresentationStyles\VS2013\Web\scripts\clipboard.min.js -&gt; D:\Documents\Word Files\School\Coding\C#.NET\PROG37721\GuessingGameV2\GuessingGameDocumentation\Help\Working\Output\Website\scripts\clipboard.min.js
D:\Programs\EWSoftware\Sandcastle Help File Builder\PresentationStyles\VS2013\Web\scripts\jquery-3.3.1.min.js -&gt; D:\Documents\Word Files\School\Coding\C#.NET\PROG37721\GuessingGameV2\GuessingGameDocumentation\Help\Working\Output\Website\scripts\jquery-3.3.1.min.js
    Last step completed in 00:00:00.6068
</buildStep>
<buildStep step="GenerateHelpFormatTableOfContents">
Generating website table of contents file...
    Last step completed in 00:00:00.0000
</buildStep>
<buildStep step="GenerateFullTextIndex">
Generating full-text index for the website...

<plugIn name="Lightweight Website Style" behavior="After" priority="1000">
Adding lightweight search and TOC elements to each topic...
</plugIn>    Last step completed in 00:00:00.3148
</buildStep>
<buildStep step="CopyingWebsiteFiles">
Copying website files to output folder...

Copied 155 files for the website content
    Last step completed in 00:00:00.5487
</buildStep>
<buildStep step="CleanIntermediates">
Removing intermediate files...
    Last step completed in 00:00:00.0452
</buildStep>
<buildStep step="Completed">

Build completed successfully at 2019-01-22 6:44:56 PM.  Total time: 00:00:16.4641

</buildStep>
</shfbBuild>
